<?xml version="1.0" encoding="UTF-8"?>
<testsuite name="EncodeTest" tests="1" skipped="0" failures="0" errors="0" timestamp="2020-09-06T17:55:07" hostname="moringa-ThinkPad-X250" time="0.003">
  <properties/>
  <testcase name="encode_instanceOf_object" classname="EncodeTest" time="0.003"/>
  <system-out><![CDATA[]]></system-out>
  <system-err><![CDATA[]]></system-err>
</testsuite>
