<?xml version="1.0" encoding="UTF-8"?>
<testsuite name="TextAndShiftTest" tests="1" skipped="0" failures="0" errors="0" timestamp="2020-09-06T18:50:43" hostname="moringa-ThinkPad-X250" time="0.003">
  <properties/>
  <testcase name="textAndShift_instanceOf_object" classname="TextAndShiftTest" time="0.003"/>
  <system-out><![CDATA[]]></system-out>
  <system-err><![CDATA[]]></system-err>
</testsuite>
